<?xml version="1.0" encoding="UTF-8"?>
<!-- Generated by org.testng.reporters.JUnitXMLReporter -->
<testsuite ignored="0" hostname="emil-HP-Pavilion-x360-Convertible-14-ba1xx" failures="0" tests="6" name="AutomatedTests" time="29.099" errors="0" timestamp="2024-04-13T13:09:14 EEST">
  <testcase classname="RegistrationAutoTests" name="mySeleniumTest1" time="2.888"/>
  <testcase classname="RegistrationAutoTests" name="mySeleniumTest2" time="2.332"/>
  <testcase classname="RegistrationAutoTests" name="mySeleniumTest3" time="2.419"/>
  <testcase classname="RegistrationAutoTests" name="mySeleniumTest4" time="3.151"/>
  <testcase classname="RegistrationAutoTests" name="mySeleniumTest5" time="3.177"/>
  <testcase classname="RegistrationAutoTests" name="mySeleniumTest6" time="5.202"/>
</testsuite> <!-- AutomatedTests -->
