<?xml version="1.0" encoding="UTF-8"?>
<testng-results ignored="0" total="6" passed="6" failed="0" skipped="0">
  <reporter-output>
  </reporter-output>
  <suite started-at="2024-04-13T13:08:45 EEST" name="AutomationSuite" finished-at="2024-04-13T13:09:14 EEST" duration-ms="29099">
    <groups>
    </groups>
    <test started-at="2024-04-13T13:08:45 EEST" name="AutomatedTests" finished-at="2024-04-13T13:09:14 EEST" duration-ms="29099">
      <class name="RegistrationAutoTests">
        <test-method is-config="true" signature="setupTestSuite()[pri:0, instance:RegistrationAutoTests@6e171cd7]" started-at="2024-04-13T13:08:45 EEST" name="setupTestSuite" finished-at="2024-04-13T13:08:45 EEST" duration-ms="62" status="PASS">
          <reporter-output>
          </reporter-output>
        </test-method> <!-- setupTestSuite -->
        <test-method is-config="true" signature="setUpTest()[pri:0, instance:RegistrationAutoTests@6e171cd7]" started-at="2024-04-13T13:08:45 EEST" name="setUpTest" finished-at="2024-04-13T13:08:48 EEST" duration-ms="2732" status="PASS">
          <reporter-output>
          </reporter-output>
        </test-method> <!-- setUpTest -->
        <test-method signature="mySeleniumTest1()[pri:0, instance:RegistrationAutoTests@6e171cd7]" started-at="2024-04-13T13:08:48 EEST" name="mySeleniumTest1" finished-at="2024-04-13T13:08:51 EEST" duration-ms="2888" status="PASS">
          <reporter-output>
          </reporter-output>
        </test-method> <!-- mySeleniumTest1 -->
        <test-method is-config="true" signature="tearDownTest(org.testng.ITestResult)[pri:0, instance:RegistrationAutoTests@6e171cd7]" started-at="2024-04-13T13:08:51 EEST" name="tearDownTest" finished-at="2024-04-13T13:08:51 EEST" duration-ms="30" status="PASS">
          <params>
            <param index="0">
              <value>
                <![CDATA[[TestResult name=mySeleniumTest1 status=SUCCESS method=RegistrationAutoTests.mySeleniumTest1()[pri:0, instance:RegistrationAutoTests@6e171cd7] output={null}]]]>
              </value>
            </param>
          </params>
          <reporter-output>
          </reporter-output>
        </test-method> <!-- tearDownTest -->
        <test-method is-config="true" signature="setUpTest()[pri:0, instance:RegistrationAutoTests@6e171cd7]" started-at="2024-04-13T13:08:51 EEST" name="setUpTest" finished-at="2024-04-13T13:08:52 EEST" duration-ms="1452" status="PASS">
          <reporter-output>
          </reporter-output>
        </test-method> <!-- setUpTest -->
        <test-method signature="mySeleniumTest2()[pri:0, instance:RegistrationAutoTests@6e171cd7]" started-at="2024-04-13T13:08:52 EEST" name="mySeleniumTest2" finished-at="2024-04-13T13:08:54 EEST" duration-ms="2332" status="PASS">
          <reporter-output>
          </reporter-output>
        </test-method> <!-- mySeleniumTest2 -->
        <test-method is-config="true" signature="tearDownTest(org.testng.ITestResult)[pri:0, instance:RegistrationAutoTests@6e171cd7]" started-at="2024-04-13T13:08:54 EEST" name="tearDownTest" finished-at="2024-04-13T13:08:54 EEST" duration-ms="27" status="PASS">
          <params>
            <param index="0">
              <value>
                <![CDATA[[TestResult name=mySeleniumTest2 status=SUCCESS method=RegistrationAutoTests.mySeleniumTest2()[pri:0, instance:RegistrationAutoTests@6e171cd7] output={null}]]]>
              </value>
            </param>
          </params>
          <reporter-output>
          </reporter-output>
        </test-method> <!-- tearDownTest -->
        <test-method is-config="true" signature="setUpTest()[pri:0, instance:RegistrationAutoTests@6e171cd7]" started-at="2024-04-13T13:08:54 EEST" name="setUpTest" finished-at="2024-04-13T13:08:56 EEST" duration-ms="1340" status="PASS">
          <reporter-output>
          </reporter-output>
        </test-method> <!-- setUpTest -->
        <test-method signature="mySeleniumTest3()[pri:0, instance:RegistrationAutoTests@6e171cd7]" started-at="2024-04-13T13:08:56 EEST" name="mySeleniumTest3" finished-at="2024-04-13T13:08:58 EEST" duration-ms="2419" status="PASS">
          <reporter-output>
          </reporter-output>
        </test-method> <!-- mySeleniumTest3 -->
        <test-method is-config="true" signature="tearDownTest(org.testng.ITestResult)[pri:0, instance:RegistrationAutoTests@6e171cd7]" started-at="2024-04-13T13:08:58 EEST" name="tearDownTest" finished-at="2024-04-13T13:08:58 EEST" duration-ms="28" status="PASS">
          <params>
            <param index="0">
              <value>
                <![CDATA[[TestResult name=mySeleniumTest3 status=SUCCESS method=RegistrationAutoTests.mySeleniumTest3()[pri:0, instance:RegistrationAutoTests@6e171cd7] output={null}]]]>
              </value>
            </param>
          </params>
          <reporter-output>
          </reporter-output>
        </test-method> <!-- tearDownTest -->
        <test-method is-config="true" signature="setUpTest()[pri:0, instance:RegistrationAutoTests@6e171cd7]" started-at="2024-04-13T13:08:58 EEST" name="setUpTest" finished-at="2024-04-13T13:09:00 EEST" duration-ms="1366" status="PASS">
          <reporter-output>
          </reporter-output>
        </test-method> <!-- setUpTest -->
        <test-method signature="mySeleniumTest4()[pri:0, instance:RegistrationAutoTests@6e171cd7]" started-at="2024-04-13T13:09:00 EEST" name="mySeleniumTest4" finished-at="2024-04-13T13:09:03 EEST" duration-ms="3151" status="PASS">
          <reporter-output>
          </reporter-output>
        </test-method> <!-- mySeleniumTest4 -->
        <test-method is-config="true" signature="tearDownTest(org.testng.ITestResult)[pri:0, instance:RegistrationAutoTests@6e171cd7]" started-at="2024-04-13T13:09:03 EEST" name="tearDownTest" finished-at="2024-04-13T13:09:03 EEST" duration-ms="27" status="PASS">
          <params>
            <param index="0">
              <value>
                <![CDATA[[TestResult name=mySeleniumTest4 status=SUCCESS method=RegistrationAutoTests.mySeleniumTest4()[pri:0, instance:RegistrationAutoTests@6e171cd7] output={null}]]]>
              </value>
            </param>
          </params>
          <reporter-output>
          </reporter-output>
        </test-method> <!-- tearDownTest -->
        <test-method is-config="true" signature="setUpTest()[pri:0, instance:RegistrationAutoTests@6e171cd7]" started-at="2024-04-13T13:09:03 EEST" name="setUpTest" finished-at="2024-04-13T13:09:04 EEST" duration-ms="1339" status="PASS">
          <reporter-output>
          </reporter-output>
        </test-method> <!-- setUpTest -->
        <test-method signature="mySeleniumTest5()[pri:0, instance:RegistrationAutoTests@6e171cd7]" started-at="2024-04-13T13:09:04 EEST" name="mySeleniumTest5" finished-at="2024-04-13T13:09:07 EEST" duration-ms="3177" status="PASS">
          <reporter-output>
          </reporter-output>
        </test-method> <!-- mySeleniumTest5 -->
        <test-method is-config="true" signature="tearDownTest(org.testng.ITestResult)[pri:0, instance:RegistrationAutoTests@6e171cd7]" started-at="2024-04-13T13:09:07 EEST" name="tearDownTest" finished-at="2024-04-13T13:09:07 EEST" duration-ms="25" status="PASS">
          <params>
            <param index="0">
              <value>
                <![CDATA[[TestResult name=mySeleniumTest5 status=SUCCESS method=RegistrationAutoTests.mySeleniumTest5()[pri:0, instance:RegistrationAutoTests@6e171cd7] output={null}]]]>
              </value>
            </param>
          </params>
          <reporter-output>
          </reporter-output>
        </test-method> <!-- tearDownTest -->
        <test-method is-config="true" signature="setUpTest()[pri:0, instance:RegistrationAutoTests@6e171cd7]" started-at="2024-04-13T13:09:07 EEST" name="setUpTest" finished-at="2024-04-13T13:09:09 EEST" duration-ms="1380" status="PASS">
          <reporter-output>
          </reporter-output>
        </test-method> <!-- setUpTest -->
        <test-method signature="mySeleniumTest6()[pri:0, instance:RegistrationAutoTests@6e171cd7]" started-at="2024-04-13T13:09:09 EEST" name="mySeleniumTest6" finished-at="2024-04-13T13:09:14 EEST" duration-ms="5202" status="PASS">
          <reporter-output>
          </reporter-output>
        </test-method> <!-- mySeleniumTest6 -->
        <test-method is-config="true" signature="tearDownTest(org.testng.ITestResult)[pri:0, instance:RegistrationAutoTests@6e171cd7]" started-at="2024-04-13T13:09:14 EEST" name="tearDownTest" finished-at="2024-04-13T13:09:14 EEST" duration-ms="29" status="PASS">
          <params>
            <param index="0">
              <value>
                <![CDATA[[TestResult name=mySeleniumTest6 status=SUCCESS method=RegistrationAutoTests.mySeleniumTest6()[pri:0, instance:RegistrationAutoTests@6e171cd7] output={null}]]]>
              </value>
            </param>
          </params>
          <reporter-output>
          </reporter-output>
        </test-method> <!-- tearDownTest -->
        <test-method is-config="true" signature="deleteDownloadFiles()[pri:0, instance:RegistrationAutoTests@6e171cd7]" started-at="2024-04-13T13:09:14 EEST" name="deleteDownloadFiles" finished-at="2024-04-13T13:09:14 EEST" duration-ms="1" status="PASS">
          <reporter-output>
          </reporter-output>
        </test-method> <!-- deleteDownloadFiles -->
      </class> <!-- RegistrationAutoTests -->
    </test> <!-- AutomatedTests -->
  </suite> <!-- AutomationSuite -->
</testng-results>
